{"C:\\Programacion\\chatbot-sushi-pruebaTecnica\\src\\app.ts": {"path":"C:\\Programacion\\chatbot-sushi-pruebaTecnica\\src\\app.ts","statementMap":{"0":{"start":{"line":1,"column":0},"end":{"line":1,"column":30}},"1":{"start":{"line":2,"column":0},"end":{"line":2,"column":28}},"2":{"start":{"line":3,"column":0},"end":{"line":3,"column":46}},"3":{"start":{"line":4,"column":0},"end":{"line":4,"column":36}},"4":{"start":{"line":5,"column":0},"end":{"line":5,"column":30}},"5":{"start":{"line":7,"column":0},"end":{"line":7,"column":16}},"6":{"start":{"line":9,"column":12},"end":{"line":9,"column":21}},"7":{"start":{"line":11,"column":0},"end":{"line":11,"column":16}},"8":{"start":{"line":12,"column":0},"end":{"line":21,"column":1}},"9":{"start":{"line":13,"column":2},"end":{"line":18,"column":3}},"10":{"start":{"line":14,"column":17},"end":{"line":14,"column":41}},"11":{"start":{"line":15,"column":4},"end":{"line":17,"column":7}},"12":{"start":{"line":16,"column":6},"end":{"line":16,"column":55}},"13":{"start":{"line":20,"column":2},"end":{"line":20,"column":56}},"14":{"start":{"line":24,"column":0},"end":{"line":24,"column":12}},"15":{"start":{"line":27,"column":0},"end":{"line":27,"column":24}},"16":{"start":{"line":30,"column":0},"end":{"line":30,"column":24}},"17":{"start":{"line":32,"column":0},"end":{"line":32,"column":19}}},"fnMap":{"0":{"name":"(anonymous_1)","decl":{"start":{"line":15,"column":21},"end":{"line":15,"column":24}},"loc":{"start":{"line":15,"column":26},"end":{"line":17,"column":5}}}},"branchMap":{"0":{"loc":{"start":{"line":13,"column":2},"end":{"line":18,"column":3}},"type":"if","locations":[{"start":{"line":13,"column":2},"end":{"line":18,"column":3}}]},"1":{"loc":{"start":{"line":14,"column":17},"end":{"line":14,"column":41}},"type":"binary-expr","locations":[{"start":{"line":14,"column":17},"end":{"line":14,"column":33}},{"start":{"line":14,"column":37},"end":{"line":14,"column":41}}]}},"s":{"0":6,"1":6,"2":6,"3":6,"4":6,"5":6,"6":6,"7":6,"8":6,"9":6,"10":0,"11":0,"12":0,"13":0,"14":6,"15":6,"16":6,"17":6},"f":{"0":0},"b":{"0":[0],"1":[0,0]}}
,"C:\\Programacion\\chatbot-sushi-pruebaTecnica\\src\\config\\dbClient.ts": {"path":"C:\\Programacion\\chatbot-sushi-pruebaTecnica\\src\\config\\dbClient.ts","statementMap":{"0":{"start":{"line":1,"column":0},"end":{"line":1,"column":32}},"1":{"start":{"line":2,"column":0},"end":{"line":2,"column":28}},"2":{"start":{"line":4,"column":0},"end":{"line":4,"column":16}},"3":{"start":{"line":6,"column":25},"end":{"line":14,"column":2}},"4":{"start":{"line":6,"column":36},"end":{"line":14,"column":2}},"5":{"start":{"line":7,"column":2},"end":{"line":13,"column":3}},"6":{"start":{"line":8,"column":4},"end":{"line":8,"column":60}},"7":{"start":{"line":9,"column":4},"end":{"line":9,"column":38}},"8":{"start":{"line":11,"column":4},"end":{"line":11,"column":57}},"9":{"start":{"line":12,"column":4},"end":{"line":12,"column":20}},"10":{"start":{"line":6,"column":13},"end":{"line":6,"column":25}},"11":{"start":{"line":16,"column":28},"end":{"line":18,"column":2}},"12":{"start":{"line":16,"column":39},"end":{"line":18,"column":2}},"13":{"start":{"line":17,"column":2},"end":{"line":17,"column":36}},"14":{"start":{"line":16,"column":13},"end":{"line":16,"column":28}}},"fnMap":{"0":{"name":"(anonymous_8)","decl":{"start":{"line":6,"column":25},"end":{"line":6,"column":34}},"loc":{"start":{"line":6,"column":36},"end":{"line":14,"column":2}}},"1":{"name":"(anonymous_9)","decl":{"start":{"line":6,"column":36},"end":{"line":6,"column":null}},"loc":{"start":{"line":6,"column":36},"end":{"line":14,"column":1}}},"2":{"name":"(anonymous_10)","decl":{"start":{"line":16,"column":28},"end":{"line":16,"column":37}},"loc":{"start":{"line":16,"column":39},"end":{"line":18,"column":2}}},"3":{"name":"(anonymous_11)","decl":{"start":{"line":16,"column":39},"end":{"line":16,"column":null}},"loc":{"start":{"line":16,"column":39},"end":{"line":18,"column":1}}}},"branchMap":{"0":{"loc":{"start":{"line":8,"column":27},"end":{"line":8,"column":54}},"type":"binary-expr","locations":[{"start":{"line":8,"column":27},"end":{"line":8,"column":48}},{"start":{"line":8,"column":52},"end":{"line":8,"column":54}}]}},"s":{"0":6,"1":6,"2":6,"3":6,"4":12,"5":12,"6":12,"7":12,"8":0,"9":0,"10":6,"11":6,"12":6,"13":6,"14":6},"f":{"0":12,"1":12,"2":6,"3":6},"b":{"0":[12,0]}}
,"C:\\Programacion\\chatbot-sushi-pruebaTecnica\\src\\controllers\\FAQ-controller.ts": {"path":"C:\\Programacion\\chatbot-sushi-pruebaTecnica\\src\\controllers\\FAQ-controller.ts","statementMap":{"0":{"start":{"line":2,"column":0},"end":{"line":2,"column":53}},"1":{"start":{"line":8,"column":4},"end":{"line":8,"column":39}},"2":{"start":{"line":13,"column":4},"end":{"line":13,"column":40}},"3":{"start":{"line":14,"column":4},"end":{"line":23,"column":5}},"4":{"start":{"line":15,"column":19},"end":{"line":15,"column":53}},"5":{"start":{"line":16,"column":6},"end":{"line":16,"column":33}},"6":{"start":{"line":18,"column":6},"end":{"line":18,"column":53}},"7":{"start":{"line":19,"column":6},"end":{"line":22,"column":9}},"8":{"start":{"line":39,"column":25},"end":{"line":39,"column":33}},"9":{"start":{"line":41,"column":4},"end":{"line":57,"column":5}},"10":{"start":{"line":42,"column":6},"end":{"line":44,"column":7}},"11":{"start":{"line":43,"column":8},"end":{"line":43,"column":87}},"12":{"start":{"line":46,"column":6},"end":{"line":46,"column":57}},"13":{"start":{"line":47,"column":19},"end":{"line":47,"column":67}},"14":{"start":{"line":49,"column":6},"end":{"line":53,"column":7}},"15":{"start":{"line":50,"column":8},"end":{"line":50,"column":42}},"16":{"start":{"line":52,"column":8},"end":{"line":52,"column":89}},"17":{"start":{"line":55,"column":6},"end":{"line":55,"column":52}},"18":{"start":{"line":56,"column":6},"end":{"line":56,"column":83}},"19":{"start":{"line":63,"column":33},"end":{"line":63,"column":41}},"20":{"start":{"line":65,"column":4},"end":{"line":72,"column":5}},"21":{"start":{"line":66,"column":21},"end":{"line":66,"column":70}},"22":{"start":{"line":67,"column":6},"end":{"line":67,"column":35}},"23":{"start":{"line":69,"column":6},"end":{"line":71,"column":74}},"24":{"start":{"line":4,"column":0},"end":{"line":4,"column":13}}},"fnMap":{"0":{"name":"(anonymous_7)","decl":{"start":{"line":7,"column":2},"end":{"line":7,"column":null}},"loc":{"start":{"line":7,"column":2},"end":{"line":9,"column":3}}},"1":{"name":"(anonymous_8)","decl":{"start":{"line":12,"column":8},"end":{"line":12,"column":28}},"loc":{"start":{"line":12,"column":56},"end":{"line":24,"column":null}}},"2":{"name":"(anonymous_10)","decl":{"start":{"line":38,"column":8},"end":{"line":38,"column":33}},"loc":{"start":{"line":38,"column":81},"end":{"line":58,"column":null}}},"3":{"name":"(anonymous_12)","decl":{"start":{"line":62,"column":8},"end":{"line":62,"column":27}},"loc":{"start":{"line":62,"column":55},"end":{"line":73,"column":null}}}},"branchMap":{"0":{"loc":{"start":{"line":21,"column":15},"end":{"line":21,"column":61}},"type":"cond-expr","locations":[{"start":{"line":21,"column":40},"end":{"line":21,"column":53}},{"start":{"line":21,"column":56},"end":{"line":21,"column":61}}]},"1":{"loc":{"start":{"line":42,"column":6},"end":{"line":44,"column":7}},"type":"if","locations":[{"start":{"line":42,"column":6},"end":{"line":44,"column":7}}]},"2":{"loc":{"start":{"line":49,"column":6},"end":{"line":53,"column":7}},"type":"if","locations":[{"start":{"line":49,"column":6},"end":{"line":53,"column":7}},{"start":{"line":51,"column":13},"end":{"line":53,"column":7}}]}},"s":{"0":6,"1":6,"2":6,"3":6,"4":6,"5":4,"6":2,"7":2,"8":0,"9":0,"10":0,"11":0,"12":0,"13":0,"14":0,"15":0,"16":0,"17":0,"18":0,"19":0,"20":0,"21":0,"22":0,"23":0,"24":6},"f":{"0":6,"1":6,"2":0,"3":0},"b":{"0":[2,0],"1":[0],"2":[0,0]}}
,"C:\\Programacion\\chatbot-sushi-pruebaTecnica\\src\\controllers\\order-controller.ts": {"path":"C:\\Programacion\\chatbot-sushi-pruebaTecnica\\src\\controllers\\order-controller.ts","statementMap":{"0":{"start":{"line":2,"column":0},"end":{"line":2,"column":57}},"1":{"start":{"line":4,"column":0},"end":{"line":4,"column":32}},"2":{"start":{"line":10,"column":4},"end":{"line":10,"column":43}},"3":{"start":{"line":14,"column":4},"end":{"line":19,"column":5}},"4":{"start":{"line":15,"column":21},"end":{"line":15,"column":59}},"5":{"start":{"line":16,"column":6},"end":{"line":16,"column":35}},"6":{"start":{"line":18,"column":6},"end":{"line":18,"column":70}},"7":{"start":{"line":23,"column":4},"end":{"line":45,"column":5}},"8":{"start":{"line":24,"column":21},"end":{"line":24,"column":31}},"9":{"start":{"line":27,"column":6},"end":{"line":29,"column":7}},"10":{"start":{"line":28,"column":8},"end":{"line":28,"column":64}},"11":{"start":{"line":32,"column":20},"end":{"line":32,"column":60}},"12":{"start":{"line":35,"column":6},"end":{"line":37,"column":7}},"13":{"start":{"line":36,"column":8},"end":{"line":36,"column":72}},"14":{"start":{"line":40,"column":6},"end":{"line":40,"column":34}},"15":{"start":{"line":43,"column":6},"end":{"line":43,"column":61}},"16":{"start":{"line":44,"column":6},"end":{"line":44,"column":18}},"17":{"start":{"line":50,"column":38},"end":{"line":50,"column":46}},"18":{"start":{"line":51,"column":4},"end":{"line":56,"column":5}},"19":{"start":{"line":52,"column":23},"end":{"line":52,"column":69}},"20":{"start":{"line":53,"column":6},"end":{"line":53,"column":37}},"21":{"start":{"line":55,"column":6},"end":{"line":55,"column":67}},"22":{"start":{"line":6,"column":0},"end":{"line":6,"column":13}}},"fnMap":{"0":{"name":"(anonymous_8)","decl":{"start":{"line":9,"column":2},"end":{"line":9,"column":null}},"loc":{"start":{"line":9,"column":2},"end":{"line":11,"column":3}}},"1":{"name":"(anonymous_9)","decl":{"start":{"line":13,"column":8},"end":{"line":13,"column":20}},"loc":{"start":{"line":13,"column":49},"end":{"line":20,"column":null}}},"2":{"name":"(anonymous_11)","decl":{"start":{"line":22,"column":8},"end":{"line":22,"column":20}},"loc":{"start":{"line":22,"column":68},"end":{"line":46,"column":null}}},"3":{"name":"(anonymous_13)","decl":{"start":{"line":49,"column":8},"end":{"line":49,"column":19}},"loc":{"start":{"line":49,"column":47},"end":{"line":57,"column":null}}}},"branchMap":{"0":{"loc":{"start":{"line":27,"column":6},"end":{"line":29,"column":7}},"type":"if","locations":[{"start":{"line":27,"column":6},"end":{"line":29,"column":7}}]},"1":{"loc":{"start":{"line":35,"column":6},"end":{"line":37,"column":7}},"type":"if","locations":[{"start":{"line":35,"column":6},"end":{"line":37,"column":7}}]}},"s":{"0":6,"1":6,"2":6,"3":2,"4":2,"5":1,"6":1,"7":0,"8":0,"9":0,"10":0,"11":0,"12":0,"13":0,"14":0,"15":0,"16":0,"17":0,"18":0,"19":0,"20":0,"21":0,"22":6},"f":{"0":6,"1":2,"2":0,"3":0},"b":{"0":[0],"1":[0]}}
,"C:\\Programacion\\chatbot-sushi-pruebaTecnica\\src\\controllers\\product-controller.ts": {"path":"C:\\Programacion\\chatbot-sushi-pruebaTecnica\\src\\controllers\\product-controller.ts","statementMap":{"0":{"start":{"line":2,"column":0},"end":{"line":2,"column":61}},"1":{"start":{"line":9,"column":4},"end":{"line":9,"column":47}},"2":{"start":{"line":12,"column":4},"end":{"line":19,"column":5}},"3":{"start":{"line":13,"column":23},"end":{"line":13,"column":69}},"4":{"start":{"line":14,"column":6},"end":{"line":14,"column":37}},"5":{"start":{"line":16,"column":6},"end":{"line":18,"column":68}},"6":{"start":{"line":23,"column":21},"end":{"line":23,"column":29}},"7":{"start":{"line":24,"column":4},"end":{"line":27,"column":5}},"8":{"start":{"line":25,"column":6},"end":{"line":26,"column":58}},"9":{"start":{"line":28,"column":4},"end":{"line":38,"column":5}},"10":{"start":{"line":29,"column":22},"end":{"line":29,"column":71}},"11":{"start":{"line":30,"column":6},"end":{"line":30,"column":43}},"12":{"start":{"line":32,"column":6},"end":{"line":35,"column":7}},"13":{"start":{"line":33,"column":8},"end":{"line":33,"column":85}},"14":{"start":{"line":34,"column":8},"end":{"line":34,"column":73}},"15":{"start":{"line":36,"column":6},"end":{"line":36,"column":80}},"16":{"start":{"line":37,"column":6},"end":{"line":37,"column":76}},"17":{"start":{"line":43,"column":46},"end":{"line":43,"column":54}},"18":{"start":{"line":44,"column":4},"end":{"line":49,"column":5}},"19":{"start":{"line":45,"column":25},"end":{"line":45,"column":78}},"20":{"start":{"line":46,"column":6},"end":{"line":46,"column":39}},"21":{"start":{"line":48,"column":6},"end":{"line":48,"column":77}},"22":{"start":{"line":5,"column":0},"end":{"line":5,"column":13}}},"fnMap":{"0":{"name":"(anonymous_7)","decl":{"start":{"line":8,"column":2},"end":{"line":8,"column":null}},"loc":{"start":{"line":8,"column":2},"end":{"line":10,"column":3}}},"1":{"name":"(anonymous_8)","decl":{"start":{"line":11,"column":8},"end":{"line":11,"column":26}},"loc":{"start":{"line":11,"column":54},"end":{"line":20,"column":null}}},"2":{"name":"(anonymous_10)","decl":{"start":{"line":22,"column":8},"end":{"line":22,"column":25}},"loc":{"start":{"line":22,"column":73},"end":{"line":39,"column":null}}},"3":{"name":"(anonymous_12)","decl":{"start":{"line":42,"column":8},"end":{"line":42,"column":22}},"loc":{"start":{"line":42,"column":50},"end":{"line":50,"column":null}}}},"branchMap":{"0":{"loc":{"start":{"line":24,"column":4},"end":{"line":27,"column":5}},"type":"if","locations":[{"start":{"line":24,"column":4},"end":{"line":27,"column":5}}]},"1":{"loc":{"start":{"line":32,"column":6},"end":{"line":35,"column":7}},"type":"if","locations":[{"start":{"line":32,"column":6},"end":{"line":35,"column":7}}]}},"s":{"0":6,"1":6,"2":2,"3":2,"4":2,"5":0,"6":4,"7":4,"8":1,"9":3,"10":3,"11":1,"12":2,"13":1,"14":1,"15":1,"16":1,"17":0,"18":0,"19":0,"20":0,"21":0,"22":6},"f":{"0":6,"1":2,"2":4,"3":0},"b":{"0":[1],"1":[1]}}
,"C:\\Programacion\\chatbot-sushi-pruebaTecnica\\src\\middleware\\FAQ-validator.ts": {"path":"C:\\Programacion\\chatbot-sushi-pruebaTecnica\\src\\middleware\\FAQ-validator.ts","statementMap":{"0":{"start":{"line":1,"column":0},"end":{"line":1,"column":48}},"1":{"start":{"line":4,"column":13},"end":{"line":13,"column":2}},"2":{"start":{"line":16,"column":13},"end":{"line":21,"column":2}}},"fnMap":{},"branchMap":{},"s":{"0":6,"1":6,"2":6},"f":{},"b":{}}
,"C:\\Programacion\\chatbot-sushi-pruebaTecnica\\src\\models\\faq-model.ts": {"path":"C:\\Programacion\\chatbot-sushi-pruebaTecnica\\src\\models\\faq-model.ts","statementMap":{"0":{"start":{"line":1,"column":0},"end":{"line":1,"column":54}},"1":{"start":{"line":8,"column":26},"end":{"line":11,"column":2}},"2":{"start":{"line":13,"column":12},"end":{"line":13,"column":49}},"3":{"start":{"line":15,"column":0},"end":{"line":15,"column":19}}},"fnMap":{},"branchMap":{},"s":{"0":4,"1":4,"2":4,"3":4},"f":{},"b":{}}
,"C:\\Programacion\\chatbot-sushi-pruebaTecnica\\src\\models\\order-model.ts": {"path":"C:\\Programacion\\chatbot-sushi-pruebaTecnica\\src\\models\\order-model.ts","statementMap":{"0":{"start":{"line":1,"column":0},"end":{"line":1,"column":54}},"1":{"start":{"line":14,"column":20},"end":{"line":34,"column":2}},"2":{"start":{"line":36,"column":14},"end":{"line":36,"column":57}},"3":{"start":{"line":38,"column":0},"end":{"line":38,"column":21}}},"fnMap":{},"branchMap":{},"s":{"0":4,"1":4,"2":4,"3":4},"f":{},"b":{}}
,"C:\\Programacion\\chatbot-sushi-pruebaTecnica\\src\\models\\product-model.ts": {"path":"C:\\Programacion\\chatbot-sushi-pruebaTecnica\\src\\models\\product-model.ts","statementMap":{"0":{"start":{"line":1,"column":0},"end":{"line":1,"column":54}},"1":{"start":{"line":11,"column":30},"end":{"line":17,"column":2}},"2":{"start":{"line":19,"column":16},"end":{"line":19,"column":65}},"3":{"start":{"line":21,"column":0},"end":{"line":21,"column":23}}},"fnMap":{},"branchMap":{},"s":{"0":4,"1":4,"2":4,"3":4},"f":{},"b":{}}
,"C:\\Programacion\\chatbot-sushi-pruebaTecnica\\src\\routes\\FAQ-routes.ts": {"path":"C:\\Programacion\\chatbot-sushi-pruebaTecnica\\src\\routes\\FAQ-routes.ts","statementMap":{"0":{"start":{"line":1,"column":0},"end":{"line":1,"column":33}},"1":{"start":{"line":2,"column":0},"end":{"line":2,"column":62}},"2":{"start":{"line":5,"column":0},"end":{"line":5,"column":null}},"3":{"start":{"line":10,"column":15},"end":{"line":10,"column":23}},"4":{"start":{"line":11,"column":22},"end":{"line":11,"column":41}},"5":{"start":{"line":14,"column":0},"end":{"line":14,"column":75}},"6":{"start":{"line":23,"column":0},"end":{"line":25,"column":3}},"7":{"start":{"line":24,"column":2},"end":{"line":24,"column":58}},"8":{"start":{"line":28,"column":0},"end":{"line":32,"column":2}},"9":{"start":{"line":34,"column":0},"end":{"line":34,"column":22}}},"fnMap":{"0":{"name":"(anonymous_0)","decl":{"start":{"line":23,"column":27},"end":{"line":23,"column":28}},"loc":{"start":{"line":23,"column":46},"end":{"line":25,"column":1}}}},"branchMap":{},"s":{"0":6,"1":6,"2":6,"3":6,"4":6,"5":6,"6":6,"7":0,"8":6,"9":6},"f":{"0":0},"b":{}}
,"C:\\Programacion\\chatbot-sushi-pruebaTecnica\\src\\routes\\index.ts": {"path":"C:\\Programacion\\chatbot-sushi-pruebaTecnica\\src\\routes\\index.ts","statementMap":{"0":{"start":{"line":1,"column":0},"end":{"line":1,"column":33}},"1":{"start":{"line":2,"column":0},"end":{"line":2,"column":44}},"2":{"start":{"line":3,"column":0},"end":{"line":3,"column":37}},"3":{"start":{"line":4,"column":0},"end":{"line":4,"column":41}},"4":{"start":{"line":6,"column":15},"end":{"line":6,"column":23}},"5":{"start":{"line":8,"column":0},"end":{"line":8,"column":22}},"6":{"start":{"line":9,"column":0},"end":{"line":9,"column":26}},"7":{"start":{"line":10,"column":0},"end":{"line":10,"column":24}},"8":{"start":{"line":12,"column":0},"end":{"line":12,"column":22}}},"fnMap":{},"branchMap":{},"s":{"0":6,"1":6,"2":6,"3":6,"4":6,"5":6,"6":6,"7":6,"8":6},"f":{},"b":{}}
,"C:\\Programacion\\chatbot-sushi-pruebaTecnica\\src\\routes\\order-routes.ts": {"path":"C:\\Programacion\\chatbot-sushi-pruebaTecnica\\src\\routes\\order-routes.ts","statementMap":{"0":{"start":{"line":1,"column":0},"end":{"line":1,"column":29}},"1":{"start":{"line":2,"column":0},"end":{"line":2,"column":66}},"2":{"start":{"line":4,"column":15},"end":{"line":4,"column":23}},"3":{"start":{"line":5,"column":24},"end":{"line":5,"column":45}},"4":{"start":{"line":8,"column":0},"end":{"line":8,"column":74}},"5":{"start":{"line":10,"column":0},"end":{"line":10,"column":78}},"6":{"start":{"line":13,"column":0},"end":{"line":13,"column":74}},"7":{"start":{"line":15,"column":0},"end":{"line":15,"column":22}}},"fnMap":{},"branchMap":{},"s":{"0":6,"1":6,"2":6,"3":6,"4":6,"5":6,"6":6,"7":6},"f":{},"b":{}}
,"C:\\Programacion\\chatbot-sushi-pruebaTecnica\\src\\routes\\product-route.ts": {"path":"C:\\Programacion\\chatbot-sushi-pruebaTecnica\\src\\routes\\product-route.ts","statementMap":{"0":{"start":{"line":1,"column":0},"end":{"line":1,"column":33}},"1":{"start":{"line":2,"column":0},"end":{"line":2,"column":70}},"2":{"start":{"line":3,"column":0},"end":{"line":3,"column":41}},"3":{"start":{"line":6,"column":15},"end":{"line":6,"column":23}},"4":{"start":{"line":7,"column":26},"end":{"line":7,"column":49}},"5":{"start":{"line":10,"column":0},"end":{"line":13,"column":2}},"6":{"start":{"line":16,"column":0},"end":{"line":18,"column":3}},"7":{"start":{"line":17,"column":2},"end":{"line":17,"column":54}},"8":{"start":{"line":21,"column":0},"end":{"line":36,"column":2}},"9":{"start":{"line":38,"column":0},"end":{"line":38,"column":22}}},"fnMap":{"0":{"name":"(anonymous_0)","decl":{"start":{"line":16,"column":26},"end":{"line":16,"column":27}},"loc":{"start":{"line":16,"column":45},"end":{"line":18,"column":1}}}},"branchMap":{},"s":{"0":6,"1":6,"2":6,"3":6,"4":6,"5":6,"6":6,"7":4,"8":6,"9":6},"f":{"0":4},"b":{}}
,"C:\\Programacion\\chatbot-sushi-pruebaTecnica\\src\\services\\FAQ-service.ts": {"path":"C:\\Programacion\\chatbot-sushi-pruebaTecnica\\src\\services\\FAQ-service.ts","statementMap":{"0":{"start":{"line":1,"column":0},"end":{"line":1,"column":38}},"1":{"start":{"line":5,"column":4},"end":{"line":17,"column":5}},"2":{"start":{"line":6,"column":6},"end":{"line":6,"column":40}},"3":{"start":{"line":7,"column":19},"end":{"line":7,"column":35}},"4":{"start":{"line":8,"column":6},"end":{"line":8,"column":34}},"5":{"start":{"line":9,"column":6},"end":{"line":12,"column":7}},"6":{"start":{"line":10,"column":8},"end":{"line":10,"column":41}},"7":{"start":{"line":13,"column":6},"end":{"line":13,"column":18}},"8":{"start":{"line":15,"column":6},"end":{"line":15,"column":50}},"9":{"start":{"line":16,"column":6},"end":{"line":16,"column":18}},"10":{"start":{"line":42,"column":4},"end":{"line":81,"column":5}},"11":{"start":{"line":43,"column":17},"end":{"line":43,"column":18}},"12":{"start":{"line":44,"column":6},"end":{"line":44,"column":58}},"13":{"start":{"line":46,"column":33},"end":{"line":51,"column":21}},"14":{"start":{"line":53,"column":6},"end":{"line":55,"column":7}},"15":{"start":{"line":54,"column":8},"end":{"line":54,"column":17}},"16":{"start":{"line":56,"column":6},"end":{"line":56,"column":70}},"17":{"start":{"line":58,"column":19},"end":{"line":58,"column":35}},"18":{"start":{"line":60,"column":27},"end":{"line":70,"column":8}},"19":{"start":{"line":61,"column":35},"end":{"line":64,"column":24}},"20":{"start":{"line":66,"column":24},"end":{"line":67,"column":null}},"21":{"start":{"line":67,"column":10},"end":{"line":67,"column":46}},"22":{"start":{"line":69,"column":8},"end":{"line":69,"column":38}},"23":{"start":{"line":72,"column":6},"end":{"line":74,"column":7}},"24":{"start":{"line":73,"column":8},"end":{"line":73,"column":62}},"25":{"start":{"line":76,"column":6},"end":{"line":76,"column":53}},"26":{"start":{"line":77,"column":6},"end":{"line":77,"column":26}},"27":{"start":{"line":79,"column":6},"end":{"line":79,"column":71}},"28":{"start":{"line":80,"column":6},"end":{"line":80,"column":59}},"29":{"start":{"line":84,"column":16},"end":{"line":84,"column":45}},"30":{"start":{"line":85,"column":4},"end":{"line":85,"column":28}},"31":{"start":{"line":3,"column":0},"end":{"line":3,"column":13}}},"fnMap":{"0":{"name":"(anonymous_8)","decl":{"start":{"line":4,"column":8},"end":{"line":4,"column":18}},"loc":{"start":{"line":4,"column":18},"end":{"line":18,"column":null}}},"1":{"name":"(anonymous_10)","decl":{"start":{"line":41,"column":8},"end":{"line":41,"column":24}},"loc":{"start":{"line":41,"column":41},"end":{"line":82,"column":null}}},"2":{"name":"(anonymous_12)","decl":{"start":{"line":60,"column":39},"end":{"line":60,"column":40}},"loc":{"start":{"line":60,"column":52},"end":{"line":70,"column":7}}},"3":{"name":"(anonymous_13)","decl":{"start":{"line":66,"column":50},"end":{"line":66,"column":51}},"loc":{"start":{"line":67,"column":10},"end":{"line":67,"column":46}}},"4":{"name":"(anonymous_14)","decl":{"start":{"line":83,"column":8},"end":{"line":83,"column":17}},"loc":{"start":{"line":83,"column":50},"end":{"line":86,"column":null}}}},"branchMap":{"0":{"loc":{"start":{"line":9,"column":6},"end":{"line":12,"column":7}},"type":"if","locations":[{"start":{"line":9,"column":6},"end":{"line":12,"column":7}}]},"1":{"loc":{"start":{"line":53,"column":6},"end":{"line":55,"column":7}},"type":"if","locations":[{"start":{"line":53,"column":6},"end":{"line":55,"column":7}}]},"2":{"loc":{"start":{"line":72,"column":6},"end":{"line":74,"column":7}},"type":"if","locations":[{"start":{"line":72,"column":6},"end":{"line":74,"column":7}}]}},"s":{"0":6,"1":6,"2":6,"3":6,"4":4,"5":4,"6":0,"7":4,"8":2,"9":2,"10":0,"11":0,"12":0,"13":0,"14":0,"15":0,"16":0,"17":0,"18":0,"19":0,"20":0,"21":0,"22":0,"23":0,"24":0,"25":0,"26":0,"27":0,"28":0,"29":0,"30":0,"31":6},"f":{"0":6,"1":0,"2":0,"3":0,"4":0},"b":{"0":[0],"1":[0],"2":[0]}}
,"C:\\Programacion\\chatbot-sushi-pruebaTecnica\\src\\services\\order-service.ts": {"path":"C:\\Programacion\\chatbot-sushi-pruebaTecnica\\src\\services\\order-service.ts","statementMap":{"0":{"start":{"line":2,"column":0},"end":{"line":2,"column":42}},"1":{"start":{"line":3,"column":0},"end":{"line":3,"column":46}},"2":{"start":{"line":7,"column":4},"end":{"line":15,"column":5}},"3":{"start":{"line":8,"column":6},"end":{"line":8,"column":50}},"4":{"start":{"line":9,"column":21},"end":{"line":9,"column":68}},"5":{"start":{"line":10,"column":6},"end":{"line":10,"column":26}},"6":{"start":{"line":11,"column":6},"end":{"line":11,"column":20}},"7":{"start":{"line":13,"column":6},"end":{"line":13,"column":25}},"8":{"start":{"line":14,"column":6},"end":{"line":14,"column":18}},"9":{"start":{"line":19,"column":4},"end":{"line":35,"column":5}},"10":{"start":{"line":20,"column":6},"end":{"line":20,"column":51}},"11":{"start":{"line":23,"column":20},"end":{"line":23,"column":73}},"12":{"start":{"line":25,"column":6},"end":{"line":27,"column":7}},"13":{"start":{"line":26,"column":8},"end":{"line":26,"column":20}},"14":{"start":{"line":29,"column":6},"end":{"line":29,"column":46}},"15":{"start":{"line":30,"column":6},"end":{"line":30,"column":19}},"16":{"start":{"line":33,"column":6},"end":{"line":33,"column":53}},"17":{"start":{"line":34,"column":6},"end":{"line":34,"column":51}},"18":{"start":{"line":40,"column":4},"end":{"line":40,"column":44}},"19":{"start":{"line":41,"column":23},"end":{"line":41,"column":69}},"20":{"start":{"line":41,"column":56},"end":{"line":41,"column":68}},"21":{"start":{"line":43,"column":21},"end":{"line":43,"column":69}},"22":{"start":{"line":45,"column":4},"end":{"line":47,"column":5}},"23":{"start":{"line":46,"column":6},"end":{"line":46,"column":56}},"24":{"start":{"line":49,"column":21},"end":{"line":49,"column":22}},"25":{"start":{"line":51,"column":4},"end":{"line":58,"column":7}},"26":{"start":{"line":52,"column":22},"end":{"line":53,"column":null}},"27":{"start":{"line":53,"column":15},"end":{"line":53,"column":52}},"28":{"start":{"line":55,"column":6},"end":{"line":57,"column":7}},"29":{"start":{"line":56,"column":8},"end":{"line":56,"column":57}},"30":{"start":{"line":60,"column":21},"end":{"line":62,"column":null}},"31":{"start":{"line":65,"column":4},"end":{"line":65,"column":33}},"32":{"start":{"line":5,"column":0},"end":{"line":5,"column":13}}},"fnMap":{"0":{"name":"(anonymous_8)","decl":{"start":{"line":6,"column":8},"end":{"line":6,"column":20}},"loc":{"start":{"line":6,"column":20},"end":{"line":16,"column":null}}},"1":{"name":"(anonymous_10)","decl":{"start":{"line":18,"column":8},"end":{"line":18,"column":20}},"loc":{"start":{"line":18,"column":31},"end":{"line":36,"column":null}}},"2":{"name":"(anonymous_12)","decl":{"start":{"line":39,"column":8},"end":{"line":39,"column":19}},"loc":{"start":{"line":39,"column":45},"end":{"line":66,"column":null}}},"3":{"name":"(anonymous_14)","decl":{"start":{"line":41,"column":46},"end":{"line":41,"column":47}},"loc":{"start":{"line":41,"column":56},"end":{"line":41,"column":68}}},"4":{"name":"(anonymous_15)","decl":{"start":{"line":51,"column":31},"end":{"line":51,"column":32}},"loc":{"start":{"line":51,"column":45},"end":{"line":58,"column":5}}},"5":{"name":"(anonymous_16)","decl":{"start":{"line":53,"column":8},"end":{"line":53,"column":9}},"loc":{"start":{"line":53,"column":15},"end":{"line":53,"column":52}}}},"branchMap":{"0":{"loc":{"start":{"line":25,"column":6},"end":{"line":27,"column":7}},"type":"if","locations":[{"start":{"line":25,"column":6},"end":{"line":27,"column":7}}]},"1":{"loc":{"start":{"line":45,"column":4},"end":{"line":47,"column":5}},"type":"if","locations":[{"start":{"line":45,"column":4},"end":{"line":47,"column":5}}]},"2":{"loc":{"start":{"line":55,"column":6},"end":{"line":57,"column":7}},"type":"if","locations":[{"start":{"line":55,"column":6},"end":{"line":57,"column":7}}]}},"s":{"0":6,"1":6,"2":2,"3":2,"4":2,"5":1,"6":1,"7":1,"8":1,"9":0,"10":0,"11":0,"12":0,"13":0,"14":0,"15":0,"16":0,"17":0,"18":0,"19":0,"20":0,"21":0,"22":0,"23":0,"24":0,"25":0,"26":0,"27":0,"28":0,"29":0,"30":0,"31":0,"32":6},"f":{"0":2,"1":0,"2":0,"3":0,"4":0,"5":0},"b":{"0":[0],"1":[0],"2":[0]}}
,"C:\\Programacion\\chatbot-sushi-pruebaTecnica\\src\\services\\product-service.ts": {"path":"C:\\Programacion\\chatbot-sushi-pruebaTecnica\\src\\services\\product-service.ts","statementMap":{"0":{"start":{"line":1,"column":0},"end":{"line":1,"column":50}},"1":{"start":{"line":6,"column":4},"end":{"line":24,"column":5}},"2":{"start":{"line":7,"column":6},"end":{"line":7,"column":69}},"3":{"start":{"line":8,"column":20},"end":{"line":9,"column":null}},"4":{"start":{"line":12,"column":6},"end":{"line":15,"column":7}},"5":{"start":{"line":13,"column":8},"end":{"line":13,"column":63}},"6":{"start":{"line":14,"column":8},"end":{"line":14,"column":18}},"7":{"start":{"line":18,"column":6},"end":{"line":18,"column":19}},"8":{"start":{"line":20,"column":6},"end":{"line":20,"column":70}},"9":{"start":{"line":21,"column":6},"end":{"line":23,"column":8}},"10":{"start":{"line":29,"column":4},"end":{"line":54,"column":5}},"11":{"start":{"line":30,"column":6},"end":{"line":30,"column":59}},"12":{"start":{"line":31,"column":19},"end":{"line":31,"column":77}},"13":{"start":{"line":33,"column":6},"end":{"line":36,"column":7}},"14":{"start":{"line":34,"column":8},"end":{"line":34,"column":55}},"15":{"start":{"line":35,"column":8},"end":{"line":35,"column":87}},"16":{"start":{"line":38,"column":6},"end":{"line":38,"column":49}},"17":{"start":{"line":39,"column":24},"end":{"line":43,"column":8}},"18":{"start":{"line":45,"column":6},"end":{"line":45,"column":23}},"19":{"start":{"line":47,"column":6},"end":{"line":49,"column":7}},"20":{"start":{"line":48,"column":8},"end":{"line":48,"column":20}},"21":{"start":{"line":50,"column":6},"end":{"line":50,"column":73}},"22":{"start":{"line":51,"column":6},"end":{"line":53,"column":8}},"23":{"start":{"line":59,"column":4},"end":{"line":81,"column":5}},"24":{"start":{"line":60,"column":6},"end":{"line":60,"column":65}},"25":{"start":{"line":62,"column":30},"end":{"line":64,"column":8}},"26":{"start":{"line":66,"column":6},"end":{"line":69,"column":7}},"27":{"start":{"line":67,"column":8},"end":{"line":67,"column":68}},"28":{"start":{"line":68,"column":8},"end":{"line":68,"column":63}},"29":{"start":{"line":71,"column":29},"end":{"line":71,"column":61}},"30":{"start":{"line":72,"column":27},"end":{"line":72,"column":54}},"31":{"start":{"line":74,"column":6},"end":{"line":74,"column":72}},"32":{"start":{"line":75,"column":6},"end":{"line":75,"column":26}},"33":{"start":{"line":77,"column":6},"end":{"line":77,"column":57}},"34":{"start":{"line":78,"column":6},"end":{"line":80,"column":8}},"35":{"start":{"line":4,"column":0},"end":{"line":4,"column":13}}},"fnMap":{"0":{"name":"(anonymous_8)","decl":{"start":{"line":5,"column":8},"end":{"line":5,"column":26}},"loc":{"start":{"line":5,"column":26},"end":{"line":25,"column":null}}},"1":{"name":"(anonymous_10)","decl":{"start":{"line":28,"column":8},"end":{"line":28,"column":25}},"loc":{"start":{"line":28,"column":38},"end":{"line":55,"column":null}}},"2":{"name":"(anonymous_12)","decl":{"start":{"line":58,"column":8},"end":{"line":58,"column":22}},"loc":{"start":{"line":58,"column":60},"end":{"line":82,"column":null}}}},"branchMap":{"0":{"loc":{"start":{"line":12,"column":6},"end":{"line":15,"column":7}},"type":"if","locations":[{"start":{"line":12,"column":6},"end":{"line":15,"column":7}}]},"1":{"loc":{"start":{"line":12,"column":10},"end":{"line":12,"column":38}},"type":"binary-expr","locations":[{"start":{"line":12,"column":10},"end":{"line":12,"column":16}},{"start":{"line":12,"column":20},"end":{"line":12,"column":38}}]},"2":{"loc":{"start":{"line":33,"column":6},"end":{"line":36,"column":7}},"type":"if","locations":[{"start":{"line":33,"column":6},"end":{"line":36,"column":7}}]},"3":{"loc":{"start":{"line":47,"column":6},"end":{"line":49,"column":7}},"type":"if","locations":[{"start":{"line":47,"column":6},"end":{"line":49,"column":7}}]},"4":{"loc":{"start":{"line":66,"column":6},"end":{"line":69,"column":7}},"type":"if","locations":[{"start":{"line":66,"column":6},"end":{"line":69,"column":7}}]}},"s":{"0":6,"1":2,"2":2,"3":2,"4":2,"5":1,"6":1,"7":1,"8":0,"9":0,"10":3,"11":3,"12":3,"13":2,"14":1,"15":1,"16":1,"17":1,"18":1,"19":2,"20":1,"21":1,"22":1,"23":0,"24":0,"25":0,"26":0,"27":0,"28":0,"29":0,"30":0,"31":0,"32":0,"33":0,"34":0,"35":6},"f":{"0":2,"1":3,"2":0},"b":{"0":[1],"1":[2,2],"2":[1],"3":[1],"4":[0]}}
}
