TN:
SF:src\app.ts
FN:15,(anonymous_1)
FNF:1
FNH:0
FNDA:0,(anonymous_1)
DA:1,6
DA:2,6
DA:3,6
DA:4,6
DA:5,6
DA:7,6
DA:9,6
DA:11,6
DA:12,6
DA:13,6
DA:14,0
DA:15,0
DA:16,0
DA:20,0
DA:24,6
DA:27,6
DA:30,6
DA:32,6
LF:18
LH:14
BRDA:13,0,0,0
BRDA:14,1,0,0
BRDA:14,1,1,0
BRF:3
BRH:0
end_of_record
TN:
SF:src\config\dbClient.ts
FN:6,(anonymous_8)
FN:6,(anonymous_9)
FN:16,(anonymous_10)
FN:16,(anonymous_11)
FNF:4
FNH:4
FNDA:12,(anonymous_8)
FNDA:12,(anonymous_9)
FNDA:6,(anonymous_10)
FNDA:6,(anonymous_11)
DA:1,6
DA:2,6
DA:4,6
DA:6,12
DA:7,12
DA:8,12
DA:9,12
DA:11,0
DA:12,0
DA:16,6
DA:17,6
LF:11
LH:9
BRDA:8,0,0,12
BRDA:8,0,1,0
BRF:2
BRH:1
end_of_record
TN:
SF:src\controllers\FAQ-controller.ts
FN:7,(anonymous_7)
FN:12,(anonymous_8)
FN:38,(anonymous_10)
FN:62,(anonymous_12)
FNF:4
FNH:2
FNDA:6,(anonymous_7)
FNDA:6,(anonymous_8)
FNDA:0,(anonymous_10)
FNDA:0,(anonymous_12)
DA:2,6
DA:4,6
DA:8,6
DA:13,6
DA:14,6
DA:15,6
DA:16,4
DA:18,2
DA:19,2
DA:39,0
DA:41,0
DA:42,0
DA:43,0
DA:46,0
DA:47,0
DA:49,0
DA:50,0
DA:52,0
DA:55,0
DA:56,0
DA:63,0
DA:65,0
DA:66,0
DA:67,0
DA:69,0
LF:25
LH:9
BRDA:21,0,0,2
BRDA:21,0,1,0
BRDA:42,1,0,0
BRDA:49,2,0,0
BRDA:49,2,1,0
BRF:5
BRH:1
end_of_record
TN:
SF:src\controllers\order-controller.ts
FN:9,(anonymous_8)
FN:13,(anonymous_9)
FN:22,(anonymous_11)
FN:49,(anonymous_13)
FNF:4
FNH:2
FNDA:6,(anonymous_8)
FNDA:2,(anonymous_9)
FNDA:0,(anonymous_11)
FNDA:0,(anonymous_13)
DA:2,6
DA:4,6
DA:6,6
DA:10,6
DA:14,2
DA:15,2
DA:16,1
DA:18,1
DA:23,0
DA:24,0
DA:27,0
DA:28,0
DA:32,0
DA:35,0
DA:36,0
DA:40,0
DA:43,0
DA:44,0
DA:50,0
DA:51,0
DA:52,0
DA:53,0
DA:55,0
LF:23
LH:8
BRDA:27,0,0,0
BRDA:35,1,0,0
BRF:2
BRH:0
end_of_record
TN:
SF:src\controllers\product-controller.ts
FN:8,(anonymous_7)
FN:11,(anonymous_8)
FN:22,(anonymous_10)
FN:42,(anonymous_12)
FNF:4
FNH:3
FNDA:6,(anonymous_7)
FNDA:2,(anonymous_8)
FNDA:4,(anonymous_10)
FNDA:0,(anonymous_12)
DA:2,6
DA:5,6
DA:9,6
DA:12,2
DA:13,2
DA:14,2
DA:16,0
DA:23,4
DA:24,4
DA:25,1
DA:28,3
DA:29,3
DA:30,1
DA:32,2
DA:33,1
DA:34,1
DA:36,1
DA:37,1
DA:43,0
DA:44,0
DA:45,0
DA:46,0
DA:48,0
LF:23
LH:17
BRDA:24,0,0,1
BRDA:32,1,0,1
BRF:2
BRH:2
end_of_record
TN:
SF:src\middleware\FAQ-validator.ts
FNF:0
FNH:0
DA:1,6
DA:4,6
DA:16,6
LF:3
LH:3
BRF:0
BRH:0
end_of_record
TN:
SF:src\models\faq-model.ts
FNF:0
FNH:0
DA:1,4
DA:8,4
DA:13,4
DA:15,4
LF:4
LH:4
BRF:0
BRH:0
end_of_record
TN:
SF:src\models\order-model.ts
FNF:0
FNH:0
DA:1,4
DA:14,4
DA:36,4
DA:38,4
LF:4
LH:4
BRF:0
BRH:0
end_of_record
TN:
SF:src\models\product-model.ts
FNF:0
FNH:0
DA:1,4
DA:11,4
DA:19,4
DA:21,4
LF:4
LH:4
BRF:0
BRH:0
end_of_record
TN:
SF:src\routes\FAQ-routes.ts
FN:23,(anonymous_0)
FNF:1
FNH:0
FNDA:0,(anonymous_0)
DA:1,6
DA:2,6
DA:5,6
DA:10,6
DA:11,6
DA:14,6
DA:23,6
DA:24,0
DA:28,6
DA:34,6
LF:10
LH:9
BRF:0
BRH:0
end_of_record
TN:
SF:src\routes\index.ts
FNF:0
FNH:0
DA:1,6
DA:2,6
DA:3,6
DA:4,6
DA:6,6
DA:8,6
DA:9,6
DA:10,6
DA:12,6
LF:9
LH:9
BRF:0
BRH:0
end_of_record
TN:
SF:src\routes\order-routes.ts
FNF:0
FNH:0
DA:1,6
DA:2,6
DA:4,6
DA:5,6
DA:8,6
DA:10,6
DA:13,6
DA:15,6
LF:8
LH:8
BRF:0
BRH:0
end_of_record
TN:
SF:src\routes\product-route.ts
FN:16,(anonymous_0)
FNF:1
FNH:1
FNDA:4,(anonymous_0)
DA:1,6
DA:2,6
DA:3,6
DA:6,6
DA:7,6
DA:10,6
DA:16,6
DA:17,4
DA:21,6
DA:38,6
LF:10
LH:10
BRF:0
BRH:0
end_of_record
TN:
SF:src\services\FAQ-service.ts
FN:4,(anonymous_8)
FN:41,(anonymous_10)
FN:60,(anonymous_12)
FN:66,(anonymous_13)
FN:83,(anonymous_14)
FNF:5
FNH:1
FNDA:6,(anonymous_8)
FNDA:0,(anonymous_10)
FNDA:0,(anonymous_12)
FNDA:0,(anonymous_13)
FNDA:0,(anonymous_14)
DA:1,6
DA:3,6
DA:5,6
DA:6,6
DA:7,6
DA:8,4
DA:9,4
DA:10,0
DA:13,4
DA:15,2
DA:16,2
DA:42,0
DA:43,0
DA:44,0
DA:46,0
DA:53,0
DA:54,0
DA:56,0
DA:58,0
DA:60,0
DA:61,0
DA:66,0
DA:67,0
DA:69,0
DA:72,0
DA:73,0
DA:76,0
DA:77,0
DA:79,0
DA:80,0
DA:84,0
DA:85,0
LF:32
LH:10
BRDA:9,0,0,0
BRDA:53,1,0,0
BRDA:72,2,0,0
BRF:3
BRH:0
end_of_record
TN:
SF:src\services\order-service.ts
FN:6,(anonymous_8)
FN:18,(anonymous_10)
FN:39,(anonymous_12)
FN:41,(anonymous_14)
FN:51,(anonymous_15)
FN:53,(anonymous_16)
FNF:6
FNH:1
FNDA:2,(anonymous_8)
FNDA:0,(anonymous_10)
FNDA:0,(anonymous_12)
FNDA:0,(anonymous_14)
FNDA:0,(anonymous_15)
FNDA:0,(anonymous_16)
DA:2,6
DA:3,6
DA:5,6
DA:7,2
DA:8,2
DA:9,2
DA:10,1
DA:11,1
DA:13,1
DA:14,1
DA:19,0
DA:20,0
DA:23,0
DA:25,0
DA:26,0
DA:29,0
DA:30,0
DA:33,0
DA:34,0
DA:40,0
DA:41,0
DA:43,0
DA:45,0
DA:46,0
DA:49,0
DA:51,0
DA:52,0
DA:53,0
DA:55,0
DA:56,0
DA:60,0
DA:65,0
LF:32
LH:10
BRDA:25,0,0,0
BRDA:45,1,0,0
BRDA:55,2,0,0
BRF:3
BRH:0
end_of_record
TN:
SF:src\services\product-service.ts
FN:5,(anonymous_8)
FN:28,(anonymous_10)
FN:58,(anonymous_12)
FNF:3
FNH:2
FNDA:2,(anonymous_8)
FNDA:3,(anonymous_10)
FNDA:0,(anonymous_12)
DA:1,6
DA:4,6
DA:6,2
DA:7,2
DA:8,2
DA:12,2
DA:13,1
DA:14,1
DA:18,1
DA:20,0
DA:21,0
DA:29,3
DA:30,3
DA:31,3
DA:33,2
DA:34,1
DA:35,1
DA:38,1
DA:39,1
DA:45,1
DA:47,2
DA:48,1
DA:50,1
DA:51,1
DA:59,0
DA:60,0
DA:62,0
DA:66,0
DA:67,0
DA:68,0
DA:71,0
DA:72,0
DA:74,0
DA:75,0
DA:77,0
DA:78,0
LF:36
LH:22
BRDA:12,0,0,1
BRDA:12,1,0,2
BRDA:12,1,1,2
BRDA:33,2,0,1
BRDA:47,3,0,1
BRDA:66,4,0,0
BRF:6
BRH:5
end_of_record
